0 info it worked if it ends with ok
1 verbose cli [ 'C:\\Program Files\\nodejs\\node.exe',
1 verbose cli   'C:\\Users\\Administrator\\AppData\\Roaming\\npm\\node_modules\\npm\\bin\\npm-cli.js',
1 verbose cli   'install',
1 verbose cli   'fsevents' ]
2 info using npm@3.8.9
3 info using node@v5.10.1
4 silly loadCurrentTree Starting
5 silly install loadCurrentTree
6 silly install readLocalPackageData
7 silly fetchPackageMetaData fsevents
8 silly fetchNamedPackageData fsevents
9 silly mapToRegistry name fsevents
10 silly mapToRegistry using default registry
11 silly mapToRegistry registry https://registry.npm.taobao.org/
12 silly mapToRegistry data Result {
12 silly mapToRegistry   raw: 'fsevents',
12 silly mapToRegistry   scope: null,
12 silly mapToRegistry   name: 'fsevents',
12 silly mapToRegistry   rawSpec: '',
12 silly mapToRegistry   spec: 'latest',
12 silly mapToRegistry   type: 'tag' }
13 silly mapToRegistry uri https://registry.npm.taobao.org/fsevents
14 verbose request uri https://registry.npm.taobao.org/fsevents
15 verbose request no auth needed
16 info attempt registry request try #1 at 19:36:41
17 verbose request id 1da71d4da2915283
18 verbose etag "c0ca-sZQZxA4cBPNtXg8/9O0gaw"
19 http request GET https://registry.npm.taobao.org/fsevents
20 http 304 https://registry.npm.taobao.org/fsevents
21 verbose headers { date: 'Sun, 15 May 2016 11:36:42 GMT',
21 verbose headers   connection: 'keep-alive',
21 verbose headers   etag: '"c0ca-sZQZxA4cBPNtXg8/9O0gaw"',
21 verbose headers   'x-readtime': '48' }
22 silly get cb [ 304,
22 silly get   { date: 'Sun, 15 May 2016 11:36:42 GMT',
22 silly get     connection: 'keep-alive',
22 silly get     etag: '"c0ca-sZQZxA4cBPNtXg8/9O0gaw"',
22 silly get     'x-readtime': '48' } ]
23 verbose etag https://registry.npm.taobao.org/fsevents from cache
24 verbose get saving fsevents to C:\Users\Administrator\AppData\Roaming\npm-cache\registry.npm.taobao.org\fsevents\.cache.json
25 verbose correctMkdir C:\Users\Administrator\AppData\Roaming\npm-cache correctMkdir not in flight; initializing
26 silly install normalizeTree
27 silly loadCurrentTree Finishing
28 silly loadIdealTree Starting
29 silly install loadIdealTree
30 silly cloneCurrentTree Starting
31 silly install cloneCurrentTreeToIdealTree
32 silly cloneCurrentTree Finishing
33 silly loadShrinkwrap Starting
34 silly install loadShrinkwrap
35 silly loadShrinkwrap Finishing
36 silly loadAllDepsIntoIdealTree Starting
37 silly install loadAllDepsIntoIdealTree
38 silly rollbackFailedOptional Starting
39 silly rollbackFailedOptional Finishing
40 silly runTopLevelLifecycles Starting
41 silly runTopLevelLifecycles Finishing
42 silly install printInstalled
43 verbose stack Error: Unsupported platform for fsevents@1.0.12: wanted {"name":"fsevents","version":"1.0.12","description":"Native Access to Mac OS-X FSEvents","main":"fsevents.js","dependencies":{"nan":"^2.3.0","node-pre-gyp":"^0.6.25"},"os":["darwin"],"engines":{"node":">=0.8.0"},"scripts":{"install":"node-pre-gyp install --fallback-to-build","prepublish":"if [ $(npm -v | head -c 1) -lt 3 ]; then exit 1; fi && npm dedupe","test":"tap ./test"},"binary":{"module_name":"fse","module_path":"./lib/binding/{configuration}/{node_abi}-{platform}-{arch}/","remote_path":"./v{version}/","package_name":"{module_name}-v{version}-{node_abi}-{platform}-{arch}.tar.gz","host":"https://fsevents-binaries.s3-us-west-2.amazonaws.com"},"repository":{"type":"git","url":"git+https://github.com/strongloop/fsevents.git"},"keywords":["fsevents","mac"],"author":{"name":"Philipp Dunkel","email":"pip@pipobscure.com"},"license":"MIT","bugs":{"url":"https://github.com/strongloop/fsevents/issues"},"homepage":"https://github.com/strongloop/fsevents","devDependencies":{"tap":"~0.4.8"},"gitHead":"ab9b76f8b919e7c1c136b9bba19de6be9e120e24","bundleDependencies":["node-pre-gyp"],"_id":"fsevents@1.0.12","_shasum":"7929e211c0b31f37f2f0fc346f315e403d7ed33b","_from":"fsevents","_npmVersion":"3.6.0","_nodeVersion":"5.6.0","_npmUser":{"name":"es128","email":"elan.shanker+npm@gmail.com"},"dist":{"shasum":"7929e211c0b31f37f2f0fc346f315e403d7ed33b","size":1241080,"noattachment":false,"tarball":"http://registry.npm.taobao.org/fsevents/download/fsevents-1.0.12.tgz"},"maintainers":[{"name":"bajtos","email":"miro.bajtos@gmail.com"},{"name":"bnoordhuis","email":"info@bnoordhuis.nl"},{"name":"es128","email":"elan.shanker+npm@gmail.com"},{"name":"pipobscure","email":"pip@pipobscure.com"},{"name":"strongloop","email":"callback@strongloop.com"}],"_npmOperationalInternal":{"host":"packages-12-west.internal.npmjs.com","tmp":"tmp/fsevents-1.0.12.tgz_1461940443205_0.08423079713247716"},"directories":{},"publish_time":1461940446131,"_cnpm_publish_time":1461940446131,"_resolved":"http://registry.npm.taobao.org/fsevents/download/fsevents-1.0.12.tgz","_requested":{"raw":"fsevents","scope":null,"name":"fsevents","rawSpec":"","spec":"latest","type":"tag"},"_spec":"fsevents","_where":"C:\\Users\\Administrator\\Desktop\\movieNet","_args":[["fsevents","C:\\Users\\Administrator\\Desktop\\movieNet"]],"readme":"ERROR: No README data found!"} (current: {"os":"win32","cpu":"x64"})
43 verbose stack     at checkPlatform (C:\Users\Administrator\AppData\Roaming\npm\node_modules\npm\node_modules\npm-install-checks\index.js:45:14)
43 verbose stack     at thenWarnEngineIssues (C:\Users\Administrator\AppData\Roaming\npm\node_modules\npm\lib\install\validate-args.js:41:5)
43 verbose stack     at C:\Users\Administrator\AppData\Roaming\npm\node_modules\npm\node_modules\iferr\index.js:13:50
43 verbose stack     at checkEngine (C:\Users\Administrator\AppData\Roaming\npm\node_modules\npm\node_modules\npm-install-checks\index.js:24:10)
43 verbose stack     at module.exports.isInstallable (C:\Users\Administrator\AppData\Roaming\npm\node_modules\npm\lib\install\validate-args.js:38:3)
43 verbose stack     at Array.<anonymous> (C:\Users\Administrator\AppData\Roaming\npm\node_modules\npm\node_modules\slide\lib\bind-actor.js:15:8)
43 verbose stack     at LOOP (C:\Users\Administrator\AppData\Roaming\npm\node_modules\npm\node_modules\slide\lib\chain.js:15:14)
43 verbose stack     at C:\Users\Administrator\AppData\Roaming\npm\node_modules\npm\node_modules\slide\lib\chain.js:18:7
43 verbose stack     at checkSelf (C:\Users\Administrator\AppData\Roaming\npm\node_modules\npm\lib\install\validate-args.js:46:72)
43 verbose stack     at Array.<anonymous> (C:\Users\Administrator\AppData\Roaming\npm\node_modules\npm\node_modules\slide\lib\bind-actor.js:15:8)
44 verbose pkgid fsevents@1.0.12
45 verbose cwd C:\Users\Administrator\Desktop\movieNet
46 error Windows_NT 6.1.7601
47 error argv "C:\\Program Files\\nodejs\\node.exe" "C:\\Users\\Administrator\\AppData\\Roaming\\npm\\node_modules\\npm\\bin\\npm-cli.js" "install" "fsevents"
48 error node v5.10.1
49 error npm  v3.8.9
50 error code EBADPLATFORM
51 error notsup Not compatible with your operating system or architecture: fsevents@1.0.12
52 error notsup Valid OS:    darwin
52 error notsup Valid Arch:  any
52 error notsup Actual OS:   win32
52 error notsup Actual Arch: x64
53 verbose exit [ 1, true ]
